[debug] [2024-07-02T12:52:38.113Z] ----------------------------------------------------------------------
[debug] [2024-07-02T12:52:38.117Z] Command:       C:\Program Files\nodejs\node.exe C:\Users\Ali\AppData\Roaming\npm\node_modules\firebase-tools\lib\bin\firebase.js init
[debug] [2024-07-02T12:52:38.118Z] CLI Version:   13.12.0
[debug] [2024-07-02T12:52:38.118Z] Platform:      win32
[debug] [2024-07-02T12:52:38.118Z] Node Version:  v20.11.1
[debug] [2024-07-02T12:52:38.118Z] Time:          Tue Jul 02 2024 15:52:38 GMT+0300 (East Africa Time)
[debug] [2024-07-02T12:52:38.118Z] ----------------------------------------------------------------------
[debug] 
[debug] [2024-07-02T12:52:38.122Z] >>> [apiv2][query] GET https://firebase-public.firebaseio.com/cli.json [none]
[debug] [2024-07-02T12:52:38.189Z] > command requires scopes: ["email","openid","https://www.googleapis.com/auth/cloudplatformprojects.readonly","https://www.googleapis.com/auth/firebase","https://www.googleapis.com/auth/cloud-platform"]
[debug] [2024-07-02T12:52:38.189Z] > authorizing via signed-in user (prelegallogistics@gmail.com)
[info] 
     ######## #### ########  ######## ########     ###     ######  ########
     ##        ##  ##     ## ##       ##     ##  ##   ##  ##       ##
     ######    ##  ########  ######   ########  #########  ######  ######
     ##        ##  ##    ##  ##       ##     ## ##     ##       ## ##
     ##       #### ##     ## ######## ########  ##     ##  ######  ########

You're about to initialize a Firebase project in this directory:

  D:\Ali Files\PLP ACADEMY\WEB DEVELOPMENT PLP\Week9\PROJECT-MANAGER APPLICATION

[debug] [2024-07-02T12:52:39.835Z] <<< [apiv2][status] GET https://firebase-public.firebaseio.com/cli.json 200
[debug] [2024-07-02T12:52:39.835Z] <<< [apiv2][body] GET https://firebase-public.firebaseio.com/cli.json {"cloudBuildErrorAfter":1594252800000,"cloudBuildWarnAfter":1590019200000,"defaultNode10After":1594252800000,"minVersion":"3.0.5","node8DeploysDisabledAfter":1613390400000,"node8RuntimeDisabledAfter":1615809600000,"node8WarnAfter":1600128000000}
